<?xml version="1.0" encoding="UTF-8"?>
<!-- Generated by org.testng.reporters.JUnitXMLReporter -->
<testsuite hostname="Himanshu-PC" name="Free CRM App Test Cases" tests="18" failures="0" timestamp="29 Aug 2018 20:21:05 GMT" time="52.105" errors="0">
  <testcase name="verifySignUpCrmLogoTest" time="0.062" classname="com.crm.qa.testcases.SignUpPageTest"/>
  <testcase name="verifyEditionTextTest" time="0.059" classname="com.crm.qa.testcases.SignUpPageTest"/>
  <testcase name="validateSignUpPageTest" time="0.214" classname="com.crm.qa.testcases.SignUpPageTest"/>
  <testcase name="signUpPageAllFieldsTest" time="8.397" classname="com.crm.qa.testcases.SignUpPageTest"/>
  <testcase name="verifySignUpFieldTextTest" time="0.074" classname="com.crm.qa.testcases.SignUpPageTest"/>
  <testcase name="loginPageTitleTest" time="0.01" classname="com.crm.qa.testcases.LoginPageTest"/>
  <testcase name="crmLogoImageTest" time="0.062" classname="com.crm.qa.testcases.LoginPageTest"/>
  <testcase name="signUpBtnTest" time="11.173" classname="com.crm.qa.testcases.LoginPageTest"/>
  <testcase name="forgotPassLinkTest" time="0.076" classname="com.crm.qa.testcases.LoginPageTest"/>
  <testcase name="allLinkTexts" time="0.224" classname="com.crm.qa.testcases.LoginPageTest"/>
  <testcase name="CRMlogosTest" time="0.289" classname="com.crm.qa.testcases.LoginPageTest"/>
  <testcase name="validateCRMlogoText" time="0.245" classname="com.crm.qa.testcases.LoginPageTest"/>
  <testcase name="validateCRMHeaderTextTest" time="0.253" classname="com.crm.qa.testcases.LoginPageTest"/>
  <testcase name="validateCRMLogoDescriptionTest" time="0.101" classname="com.crm.qa.testcases.LoginPageTest"/>
  <testcase name="validateSalesPipelineDescriptionTest" time="0.091" classname="com.crm.qa.testcases.LoginPageTest"/>
  <testcase name="validateMarketingAutomationDescriptionTest" time="0.088" classname="com.crm.qa.testcases.LoginPageTest"/>
  <testcase name="validateGetMobileDescriptionTest" time="0.112" classname="com.crm.qa.testcases.LoginPageTest"/>
  <testcase name="loginTest" time="0.605" classname="com.crm.qa.testcases.LoginPageTest"/>
</testsuite> <!-- Free CRM App Test Cases -->
