<?xml version="1.0" encoding="UTF-8"?>
<!-- Generated by org.testng.reporters.JUnitXMLReporter -->
<testsuite hostname="Himanshu-PC" name="Default test(failed)(failed)" tests="2" failures="2" timestamp="19 Jul 2018 08:35:45 GMT" time="34.629" errors="0">
  <testcase name="CRMlogosTest" time="0.02" classname="com.crm.qa.testcases.LoginPageTest">
    <failure type="java.lang.NullPointerException">
      <![CDATA[java.lang.NullPointerException
	at com.crm.qa.pages.LoginPage.ValidateCRMlogos(LoginPage.java:75)
	at com.crm.qa.testcases.LoginPageTest.CRMlogosTest(LoginPageTest.java:57)
... Removed 24 stack frames]]>
    </failure>
  </testcase> <!-- CRMlogosTest -->
  <testcase name="loginTest" time="0.284" classname="com.crm.qa.testcases.LoginPageTest">
    <failure type="java.lang.NullPointerException">
      <![CDATA[java.lang.NullPointerException
	at com.crm.qa.pages.LoginPage.login(LoginPage.java:116)
	at com.crm.qa.testcases.LoginPageTest.loginTest(LoginPageTest.java:62)
... Removed 24 stack frames]]>
    </failure>
  </testcase> <!-- loginTest -->
</testsuite> <!-- Default test(failed)(failed) -->
