<?xml version="1.0" encoding="UTF-8"?>
<testng-results skipped="0" failed="0" total="12" passed="12">
  <reporter-output>
  </reporter-output>
  <suite name="Default suite" duration-ms="74177" started-at="2018-08-10T14:15:31Z" finished-at="2018-08-10T14:16:45Z">
    <groups>
      <group name="LoginPage Logo Details">
        <method signature="LoginPageTest.CRMlogosTest()[pri:6, instance:com.crm.qa.testcases.LoginPageTest@4bec1f0c]" name="CRMlogosTest" class="com.crm.qa.testcases.LoginPageTest"/>
        <method signature="LoginPageTest.validateCRMHeaderTextTest()[pri:8, instance:com.crm.qa.testcases.LoginPageTest@4bec1f0c]" name="validateCRMHeaderTextTest" class="com.crm.qa.testcases.LoginPageTest"/>
        <method signature="LoginPageTest.validateCRMLogoDescriptionTest()[pri:9, instance:com.crm.qa.testcases.LoginPageTest@4bec1f0c]" name="validateCRMLogoDescriptionTest" class="com.crm.qa.testcases.LoginPageTest"/>
        <method signature="LoginPageTest.validateCRMlogoText()[pri:7, instance:com.crm.qa.testcases.LoginPageTest@4bec1f0c]" name="validateCRMlogoText" class="com.crm.qa.testcases.LoginPageTest"/>
        <method signature="LoginPageTest.validateGetMobileDescriptionTest()[pri:12, instance:com.crm.qa.testcases.LoginPageTest@4bec1f0c]" name="validateGetMobileDescriptionTest" class="com.crm.qa.testcases.LoginPageTest"/>
        <method signature="LoginPageTest.validateMarketingAutomationDescriptionTest()[pri:11, instance:com.crm.qa.testcases.LoginPageTest@4bec1f0c]" name="validateMarketingAutomationDescriptionTest" class="com.crm.qa.testcases.LoginPageTest"/>
        <method signature="LoginPageTest.validateSalesPipelineDescriptionTest()[pri:10, instance:com.crm.qa.testcases.LoginPageTest@4bec1f0c]" name="validateSalesPipelineDescriptionTest" class="com.crm.qa.testcases.LoginPageTest"/>
      </group> <!-- LoginPage Logo Details -->
    </groups>
    <test name="Default test" duration-ms="74177" started-at="2018-08-10T14:15:31Z" finished-at="2018-08-10T14:16:45Z">
      <class name="com.crm.qa.testcases.LoginPageTest">
        <test-method status="PASS" signature="setUp()[pri:0, instance:com.crm.qa.testcases.LoginPageTest@4bec1f0c]" name="setUp" is-config="true" duration-ms="43666" started-at="2018-08-10T19:45:31Z" finished-at="2018-08-10T19:46:15Z">
          <reporter-output>
          </reporter-output>
        </test-method> <!-- setUp -->
        <test-method status="PASS" signature="loginPageTitleTest()[pri:1, instance:com.crm.qa.testcases.LoginPageTest@4bec1f0c]" name="loginPageTitleTest" duration-ms="31" started-at="2018-08-10T19:46:15Z" finished-at="2018-08-10T19:46:15Z">
          <reporter-output>
          </reporter-output>
        </test-method> <!-- loginPageTitleTest -->
        <test-method status="PASS" signature="crmLogoImageTest()[pri:2, instance:com.crm.qa.testcases.LoginPageTest@4bec1f0c]" name="crmLogoImageTest" duration-ms="428" started-at="2018-08-10T19:46:15Z" finished-at="2018-08-10T19:46:15Z">
          <reporter-output>
          </reporter-output>
        </test-method> <!-- crmLogoImageTest -->
        <test-method status="PASS" signature="signUpBtnTest()[pri:3, instance:com.crm.qa.testcases.LoginPageTest@4bec1f0c]" name="signUpBtnTest" duration-ms="16163" started-at="2018-08-10T19:46:15Z" finished-at="2018-08-10T19:46:31Z">
          <exception class="org.openqa.selenium.NoSuchElementException">
            <message>
              <![CDATA[no such element: Unable to locate element: {"method":"xpath","selector":"//button[contains(text(),'Sign Up')]"}
  (Session info: chrome=67.0.3396.99)
  (Driver info: chromedriver=2.39.562718 (9a2698cba08cf5a471a29d30c8b3e12becabb0e9),platform=Windows NT 6.3.9600 x86_64) (WARNING: The server did not provide any stacktrace information)
Command duration or timeout: 0 milliseconds
For documentation on this error, please visit: http://seleniumhq.org/exceptions/no_such_element.html
Build info: version: '3.13.0', revision: '2f0d292', time: '2018-06-25T15:24:21.231Z'
System info: host: 'HIMANSHU-PC', ip: '192.168.0.101', os.name: 'Windows 8.1', os.arch: 'amd64', os.version: '6.3', java.version: '1.8.0_181'
Driver info: org.openqa.selenium.chrome.ChromeDriver
Capabilities {acceptInsecureCerts: false, acceptSslCerts: false, applicationCacheEnabled: false, browserConnectionEnabled: false, browserName: chrome, chrome: {chromedriverVersion: 2.39.562718 (9a2698cba08cf5..., userDataDir: C:\Users\Himanshu\AppData\L...}, cssSelectorsEnabled: true, databaseEnabled: false, handlesAlerts: true, hasTouchScreen: false, javascriptEnabled: true, locationContextEnabled: true, mobileEmulationEnabled: false, nativeEvents: true, networkConnectionEnabled: false, pageLoadStrategy: normal, platform: XP, platformName: XP, rotatable: false, setWindowRect: true, takesHeapSnapshot: true, takesScreenshot: true, unexpectedAlertBehaviour: , unhandledPromptBehavior: , version: 67.0.3396.99, webStorageEnabled: true}
Session ID: c8676a6059d653a096db583d4ae7bb01
*** Element info: {Using=xpath, value=//button[contains(text(),'Sign Up')]}]]>
            </message>
            <full-stacktrace>
              <![CDATA[org.openqa.selenium.NoSuchElementException: no such element: Unable to locate element: {"method":"xpath","selector":"//button[contains(text(),'Sign Up')]"}
  (Session info: chrome=67.0.3396.99)
  (Driver info: chromedriver=2.39.562718 (9a2698cba08cf5a471a29d30c8b3e12becabb0e9),platform=Windows NT 6.3.9600 x86_64) (WARNING: The server did not provide any stacktrace information)
Command duration or timeout: 0 milliseconds
For documentation on this error, please visit: http://seleniumhq.org/exceptions/no_such_element.html
Build info: version: '3.13.0', revision: '2f0d292', time: '2018-06-25T15:24:21.231Z'
System info: host: 'HIMANSHU-PC', ip: '192.168.0.101', os.name: 'Windows 8.1', os.arch: 'amd64', os.version: '6.3', java.version: '1.8.0_181'
Driver info: org.openqa.selenium.chrome.ChromeDriver
Capabilities {acceptInsecureCerts: false, acceptSslCerts: false, applicationCacheEnabled: false, browserConnectionEnabled: false, browserName: chrome, chrome: {chromedriverVersion: 2.39.562718 (9a2698cba08cf5..., userDataDir: C:\Users\Himanshu\AppData\L...}, cssSelectorsEnabled: true, databaseEnabled: false, handlesAlerts: true, hasTouchScreen: false, javascriptEnabled: true, locationContextEnabled: true, mobileEmulationEnabled: false, nativeEvents: true, networkConnectionEnabled: false, pageLoadStrategy: normal, platform: XP, platformName: XP, rotatable: false, setWindowRect: true, takesHeapSnapshot: true, takesScreenshot: true, unexpectedAlertBehaviour: , unhandledPromptBehavior: , version: 67.0.3396.99, webStorageEnabled: true}
Session ID: c8676a6059d653a096db583d4ae7bb01
*** Element info: {Using=xpath, value=//button[contains(text(),'Sign Up')]}
	at sun.reflect.NativeConstructorAccessorImpl.newInstance0(Native Method)
	at sun.reflect.NativeConstructorAccessorImpl.newInstance(Unknown Source)
	at sun.reflect.DelegatingConstructorAccessorImpl.newInstance(Unknown Source)
	at java.lang.reflect.Constructor.newInstance(Unknown Source)
	at org.openqa.selenium.remote.ErrorHandler.createThrowable(ErrorHandler.java:214)
	at org.openqa.selenium.remote.ErrorHandler.throwIfResponseFailed(ErrorHandler.java:166)
	at org.openqa.selenium.remote.http.JsonHttpResponseCodec.reconstructValue(JsonHttpResponseCodec.java:40)
	at org.openqa.selenium.remote.http.AbstractHttpResponseCodec.decode(AbstractHttpResponseCodec.java:80)
	at org.openqa.selenium.remote.http.AbstractHttpResponseCodec.decode(AbstractHttpResponseCodec.java:44)
	at org.openqa.selenium.remote.HttpCommandExecutor.execute(HttpCommandExecutor.java:158)
	at org.openqa.selenium.remote.service.DriverCommandExecutor.execute(DriverCommandExecutor.java:83)
	at org.openqa.selenium.remote.RemoteWebDriver.execute(RemoteWebDriver.java:548)
	at org.openqa.selenium.remote.RemoteWebDriver.findElement(RemoteWebDriver.java:322)
	at org.openqa.selenium.remote.RemoteWebDriver.findElementByXPath(RemoteWebDriver.java:424)
	at org.openqa.selenium.By$ByXPath.findElement(By.java:353)
	at org.openqa.selenium.remote.RemoteWebDriver.findElement(RemoteWebDriver.java:314)
	at sun.reflect.NativeMethodAccessorImpl.invoke0(Native Method)
	at sun.reflect.NativeMethodAccessorImpl.invoke(Unknown Source)
	at sun.reflect.DelegatingMethodAccessorImpl.invoke(Unknown Source)
	at java.lang.reflect.Method.invoke(Unknown Source)
	at org.openqa.selenium.support.events.EventFiringWebDriver.lambda$new$1(EventFiringWebDriver.java:105)
	at com.sun.proxy.$Proxy7.findElement(Unknown Source)
	at org.openqa.selenium.support.events.EventFiringWebDriver.findElement(EventFiringWebDriver.java:194)
	at org.openqa.selenium.support.pagefactory.DefaultElementLocator.findElement(DefaultElementLocator.java:69)
	at org.openqa.selenium.support.pagefactory.internal.LocatingElementHandler.invoke(LocatingElementHandler.java:38)
	at com.sun.proxy.$Proxy11.isDisplayed(Unknown Source)
	at com.crm.qa.pages.LoginPage.validateSignUpBtn(LoginPage.java:97)
	at com.crm.qa.testcases.LoginPageTest.signUpBtnTest(LoginPageTest.java:45)
	at sun.reflect.NativeMethodAccessorImpl.invoke0(Native Method)
	at sun.reflect.NativeMethodAccessorImpl.invoke(Unknown Source)
	at sun.reflect.DelegatingMethodAccessorImpl.invoke(Unknown Source)
	at java.lang.reflect.Method.invoke(Unknown Source)
	at org.testng.internal.MethodInvocationHelper.invokeMethod(MethodInvocationHelper.java:85)
	at org.testng.internal.Invoker.invokeMethod(Invoker.java:639)
	at org.testng.internal.Invoker.invokeTestMethod(Invoker.java:816)
	at org.testng.internal.Invoker.invokeTestMethods(Invoker.java:1124)
	at org.testng.internal.TestMethodWorker.invokeTestMethods(TestMethodWorker.java:125)
	at org.testng.internal.TestMethodWorker.run(TestMethodWorker.java:108)
	at org.testng.TestRunner.privateRun(TestRunner.java:774)
	at org.testng.TestRunner.run(TestRunner.java:624)
	at org.testng.SuiteRunner.runTest(SuiteRunner.java:359)
	at org.testng.SuiteRunner.runSequentially(SuiteRunner.java:354)
	at org.testng.SuiteRunner.privateRun(SuiteRunner.java:312)
	at org.testng.SuiteRunner.run(SuiteRunner.java:261)
	at org.testng.SuiteRunnerWorker.runSuite(SuiteRunnerWorker.java:52)
	at org.testng.SuiteRunnerWorker.run(SuiteRunnerWorker.java:86)
	at org.testng.TestNG.runSuitesSequentially(TestNG.java:1191)
	at org.testng.TestNG.runSuitesLocally(TestNG.java:1116)
	at org.testng.TestNG.run(TestNG.java:1024)
	at org.testng.remote.AbstractRemoteTestNG.run(AbstractRemoteTestNG.java:114)
	at org.testng.remote.RemoteTestNG.initAndRun(RemoteTestNG.java:251)
	at org.testng.remote.RemoteTestNG.main(RemoteTestNG.java:77)
]]>
            </full-stacktrace>
          </exception> <!-- org.openqa.selenium.NoSuchElementException -->
          <reporter-output>
          </reporter-output>
        </test-method> <!-- signUpBtnTest -->
        <test-method status="PASS" signature="forgotPassLinkTest()[pri:4, instance:com.crm.qa.testcases.LoginPageTest@4bec1f0c]" name="forgotPassLinkTest" duration-ms="80" started-at="2018-08-10T19:46:31Z" finished-at="2018-08-10T19:46:31Z">
          <reporter-output>
          </reporter-output>
        </test-method> <!-- forgotPassLinkTest -->
        <test-method status="PASS" signature="allLinkTexts()[pri:5, instance:com.crm.qa.testcases.LoginPageTest@4bec1f0c]" name="allLinkTexts" duration-ms="409" started-at="2018-08-10T19:46:31Z" finished-at="2018-08-10T19:46:32Z">
          <reporter-output>
          </reporter-output>
        </test-method> <!-- allLinkTexts -->
        <test-method status="PASS" signature="CRMlogosTest()[pri:6, instance:com.crm.qa.testcases.LoginPageTest@4bec1f0c]" name="CRMlogosTest" duration-ms="480" started-at="2018-08-10T19:46:32Z" finished-at="2018-08-10T19:46:32Z">
          <reporter-output>
          </reporter-output>
        </test-method> <!-- CRMlogosTest -->
        <test-method status="PASS" signature="validateCRMlogoText()[pri:7, instance:com.crm.qa.testcases.LoginPageTest@4bec1f0c]" name="validateCRMlogoText" duration-ms="350" started-at="2018-08-10T19:46:32Z" finished-at="2018-08-10T19:46:33Z">
          <reporter-output>
          </reporter-output>
        </test-method> <!-- validateCRMlogoText -->
        <test-method status="PASS" signature="validateCRMHeaderTextTest()[pri:8, instance:com.crm.qa.testcases.LoginPageTest@4bec1f0c]" name="validateCRMHeaderTextTest" duration-ms="383" started-at="2018-08-10T19:46:33Z" finished-at="2018-08-10T19:46:33Z">
          <reporter-output>
          </reporter-output>
        </test-method> <!-- validateCRMHeaderTextTest -->
        <test-method status="PASS" signature="validateCRMLogoDescriptionTest()[pri:9, instance:com.crm.qa.testcases.LoginPageTest@4bec1f0c]" name="validateCRMLogoDescriptionTest" duration-ms="131" started-at="2018-08-10T19:46:33Z" finished-at="2018-08-10T19:46:33Z">
          <reporter-output>
          </reporter-output>
        </test-method> <!-- validateCRMLogoDescriptionTest -->
        <test-method status="PASS" signature="validateSalesPipelineDescriptionTest()[pri:10, instance:com.crm.qa.testcases.LoginPageTest@4bec1f0c]" name="validateSalesPipelineDescriptionTest" duration-ms="172" started-at="2018-08-10T19:46:33Z" finished-at="2018-08-10T19:46:33Z">
          <reporter-output>
          </reporter-output>
        </test-method> <!-- validateSalesPipelineDescriptionTest -->
        <test-method status="PASS" signature="validateMarketingAutomationDescriptionTest()[pri:11, instance:com.crm.qa.testcases.LoginPageTest@4bec1f0c]" name="validateMarketingAutomationDescriptionTest" duration-ms="189" started-at="2018-08-10T19:46:33Z" finished-at="2018-08-10T19:46:34Z">
          <reporter-output>
          </reporter-output>
        </test-method> <!-- validateMarketingAutomationDescriptionTest -->
        <test-method status="PASS" signature="validateGetMobileDescriptionTest()[pri:12, instance:com.crm.qa.testcases.LoginPageTest@4bec1f0c]" name="validateGetMobileDescriptionTest" duration-ms="238" started-at="2018-08-10T19:46:34Z" finished-at="2018-08-10T19:46:34Z">
          <reporter-output>
          </reporter-output>
        </test-method> <!-- validateGetMobileDescriptionTest -->
        <test-method status="PASS" signature="tearDown()[pri:0, instance:com.crm.qa.testcases.LoginPageTest@4bec1f0c]" name="tearDown" is-config="true" duration-ms="11218" started-at="2018-08-10T19:46:34Z" finished-at="2018-08-10T19:46:45Z">
          <reporter-output>
          </reporter-output>
        </test-method> <!-- tearDown -->
      </class> <!-- com.crm.qa.testcases.LoginPageTest -->
    </test> <!-- Default test -->
  </suite> <!-- Default suite -->
</testng-results>
