<?xml version="1.0" encoding="UTF-8"?>
<testng-results skipped="0" failed="0" total="10" passed="10">
  <reporter-output>
  </reporter-output>
  <suite name="Default suite" duration-ms="48449" started-at="2018-08-22T15:18:57Z" finished-at="2018-08-22T15:19:45Z">
    <groups>
    </groups>
    <test name="Default test" duration-ms="48449" started-at="2018-08-22T15:18:57Z" finished-at="2018-08-22T15:19:45Z">
      <class name="com.crm.qa.testcases.ContactsPageTest">
        <test-method status="PASS" signature="setUp()[pri:0, instance:com.crm.qa.testcases.ContactsPageTest@25bbe1b6]" name="setUp" is-config="true" duration-ms="20950" started-at="2018-08-22T20:48:57Z" finished-at="2018-08-22T20:49:18Z">
          <reporter-output>
          </reporter-output>
        </test-method> <!-- setUp -->
        <test-method status="PASS" signature="verifyContactsPageLabel()[pri:1, instance:com.crm.qa.testcases.ContactsPageTest@25bbe1b6]" name="verifyContactsPageLabel" duration-ms="1430" started-at="2018-08-22T20:49:18Z" finished-at="2018-08-22T20:49:19Z">
          <reporter-output>
          </reporter-output>
        </test-method> <!-- verifyContactsPageLabel -->
        <test-method status="PASS" signature="validateCreateNewContact(java.lang.String, java.lang.String, java.lang.String, java.lang.String)[pri:2, instance:com.crm.qa.testcases.ContactsPageTest@25bbe1b6]" name="validateCreateNewContact" duration-ms="7628" started-at="2018-08-22T20:49:20Z" data-provider="CRMTestData" finished-at="2018-08-22T20:49:28Z">
          <params>
            <param index="0">
              <value>
                <![CDATA[Mr.]]>
              </value>
            </param>
            <param index="1">
              <value>
                <![CDATA[Tom]]>
              </value>
            </param>
            <param index="2">
              <value>
                <![CDATA[Peter]]>
              </value>
            </param>
            <param index="3">
              <value>
                <![CDATA[Google]]>
              </value>
            </param>
          </params>
          <reporter-output>
          </reporter-output>
        </test-method> <!-- validateCreateNewContact -->
        <test-method status="PASS" signature="validateCreateNewContact(java.lang.String, java.lang.String, java.lang.String, java.lang.String)[pri:2, instance:com.crm.qa.testcases.ContactsPageTest@25bbe1b6]" name="validateCreateNewContact" duration-ms="4384" started-at="2018-08-22T20:49:28Z" data-provider="CRMTestData" finished-at="2018-08-22T20:49:33Z">
          <params>
            <param index="0">
              <value>
                <![CDATA[Dr.]]>
              </value>
            </param>
            <param index="1">
              <value>
                <![CDATA[David]]>
              </value>
            </param>
            <param index="2">
              <value>
                <![CDATA[Cris]]>
              </value>
            </param>
            <param index="3">
              <value>
                <![CDATA[Amazon]]>
              </value>
            </param>
          </params>
          <reporter-output>
          </reporter-output>
        </test-method> <!-- validateCreateNewContact -->
        <test-method status="PASS" signature="validateCreateNewContact(java.lang.String, java.lang.String, java.lang.String, java.lang.String)[pri:2, instance:com.crm.qa.testcases.ContactsPageTest@25bbe1b6]" name="validateCreateNewContact" duration-ms="4560" started-at="2018-08-22T20:49:33Z" data-provider="CRMTestData" finished-at="2018-08-22T20:49:37Z">
          <params>
            <param index="0">
              <value>
                <![CDATA[Mrs.]]>
              </value>
            </param>
            <param index="1">
              <value>
                <![CDATA[Mukta]]>
              </value>
            </param>
            <param index="2">
              <value>
                <![CDATA[Sharma]]>
              </value>
            </param>
            <param index="3">
              <value>
                <![CDATA[Ebay]]>
              </value>
            </param>
          </params>
          <reporter-output>
          </reporter-output>
        </test-method> <!-- validateCreateNewContact -->
        <test-method status="PASS" signature="selectSingleContactsTest()[pri:3, instance:com.crm.qa.testcases.ContactsPageTest@25bbe1b6]" name="selectSingleContactsTest" duration-ms="1037" started-at="2018-08-22T20:49:37Z" finished-at="2018-08-22T20:49:38Z">
          <reporter-output>
          </reporter-output>
        </test-method> <!-- selectSingleContactsTest -->
        <test-method status="PASS" signature="selectMultipleContactsTest()[pri:4, instance:com.crm.qa.testcases.ContactsPageTest@25bbe1b6]" name="selectMultipleContactsTest" duration-ms="1055" started-at="2018-08-22T20:49:38Z" finished-at="2018-08-22T20:49:39Z">
          <reporter-output>
          </reporter-output>
        </test-method> <!-- selectMultipleContactsTest -->
        <test-method status="PASS" signature="deleteContactsFromList(java.lang.String, java.lang.String, java.lang.String, java.lang.String)[pri:5, instance:com.crm.qa.testcases.ContactsPageTest@25bbe1b6]" name="deleteContactsFromList" duration-ms="148" started-at="2018-08-22T20:49:39Z" data-provider="CRMTestData" finished-at="2018-08-22T20:49:39Z">
          <params>
            <param index="0">
              <value>
                <![CDATA[Mr.]]>
              </value>
            </param>
            <param index="1">
              <value>
                <![CDATA[Tom]]>
              </value>
            </param>
            <param index="2">
              <value>
                <![CDATA[Peter]]>
              </value>
            </param>
            <param index="3">
              <value>
                <![CDATA[Google]]>
              </value>
            </param>
          </params>
          <reporter-output>
          </reporter-output>
        </test-method> <!-- deleteContactsFromList -->
        <test-method status="PASS" signature="deleteContactsFromList(java.lang.String, java.lang.String, java.lang.String, java.lang.String)[pri:5, instance:com.crm.qa.testcases.ContactsPageTest@25bbe1b6]" name="deleteContactsFromList" duration-ms="182" started-at="2018-08-22T20:49:39Z" data-provider="CRMTestData" finished-at="2018-08-22T20:49:40Z">
          <params>
            <param index="0">
              <value>
                <![CDATA[Dr.]]>
              </value>
            </param>
            <param index="1">
              <value>
                <![CDATA[David]]>
              </value>
            </param>
            <param index="2">
              <value>
                <![CDATA[Cris]]>
              </value>
            </param>
            <param index="3">
              <value>
                <![CDATA[Amazon]]>
              </value>
            </param>
          </params>
          <reporter-output>
          </reporter-output>
        </test-method> <!-- deleteContactsFromList -->
        <test-method status="PASS" signature="deleteContactsFromList(java.lang.String, java.lang.String, java.lang.String, java.lang.String)[pri:5, instance:com.crm.qa.testcases.ContactsPageTest@25bbe1b6]" name="deleteContactsFromList" duration-ms="145" started-at="2018-08-22T20:49:40Z" data-provider="CRMTestData" finished-at="2018-08-22T20:49:40Z">
          <params>
            <param index="0">
              <value>
                <![CDATA[Mrs.]]>
              </value>
            </param>
            <param index="1">
              <value>
                <![CDATA[Mukta]]>
              </value>
            </param>
            <param index="2">
              <value>
                <![CDATA[Sharma]]>
              </value>
            </param>
            <param index="3">
              <value>
                <![CDATA[Ebay]]>
              </value>
            </param>
          </params>
          <reporter-output>
          </reporter-output>
        </test-method> <!-- deleteContactsFromList -->
        <test-method status="PASS" signature="deleteSelectedContacts()[pri:0, instance:com.crm.qa.testcases.ContactsPageTest@25bbe1b6]" name="deleteSelectedContacts" duration-ms="4479" started-at="2018-08-22T20:49:40Z" depends-on-methods="com.crm.qa.testcases.ContactsPageTest.deleteContactsFromList" finished-at="2018-08-22T20:49:44Z">
          <reporter-output>
          </reporter-output>
        </test-method> <!-- deleteSelectedContacts -->
        <test-method status="PASS" signature="tearDown()[pri:0, instance:com.crm.qa.testcases.ContactsPageTest@25bbe1b6]" name="tearDown" is-config="true" duration-ms="803" started-at="2018-08-22T20:49:44Z" finished-at="2018-08-22T20:49:45Z">
          <reporter-output>
          </reporter-output>
        </test-method> <!-- tearDown -->
      </class> <!-- com.crm.qa.testcases.ContactsPageTest -->
    </test> <!-- Default test -->
  </suite> <!-- Default suite -->
</testng-results>
